Arguments: 
  C:\Program Files\nodejs\node.exe C:\Program Files (x86)\Yarn\bin\yarn.js add @babel/preset-stage3

PATH: 
  C:\Program Files\Microsoft MPI\Bin\;C:\Windows\System32\cmd.exe;C:\ProgramData\Microsoft\Windows\Start Menu\Programs\Node.js;C:\Program Files\Microsoft SQL Server\Client SDK\ODBC\130\Tools\Binn\;C:\Program Files (x86)\Microsoft SQL Server\140\Tools\Binn\;C:\Program Files\Microsoft SQL Server\140\Tools\Binn\;C:\Program Files\Microsoft SQL Server\140\DTS\Binn\;C:\Program Files (x86)\Microsoft SQL Server\140\DTS\Binn\;C:\Users\Mudassir\AppData\Local\Android\Sdk\platform-tools;C:\Users\Mudassir\AppData\Local\Android\Sdk;C:\Users\Mudassir\AppData\Local\Android\Sdk\tools;C:\Users\Mudassir\AppData\Local\Android\Sdk\tools\bin;C:\Users\Mudassir\AppData\Local\Android\Sdk\emulator;C:\Program Files\Java\jdk-11.0.2;C:\Program Files (x86)\Git\bin\;C:\Program Files\Git\cmd\;C:\Program Files\nodejs\;C:\Windows\System32\;C:\Program Files (x86)\Yarn\bin;C:\Program Files (x86)\Microsoft SQL Server\Client SDK\ODBC\130\Tools\Binn\;C:\Program Files (x86)\Microsoft SQL Server\140\Tools\Binn\ManagementStudio\;C:\Program Files\MongoDB\Server\4.0\bin;C:\Users\Mudassir\Anaconda3\Lib\site-packages\pip\cmd\;C:\Users\Mudassir\Anaconda3;C:\Users\Mudassir\Anaconda3\Scripts;C:\Users\Mudassir\cmd\;C:\Program Files (x86)\Heroku\bin\;C:\Program Files (x86)\Windows Kits\10\Windows Performance Toolkit\;C:\Program Files\Redis\;C:\Users\Mudassir\AppData\Local\Microsoft\WindowsApps;C:\Program Files\Docker\Docker\Resources\bin;C:\Program Files\Heroku\bin;C:\Program Files\Microsoft VS Code\bin;C:\MinGW\bin;C:\ProgramData\Microsoft\Windows\Start Menu\Programs\Node.js;C:\Users\Mudassir\AppData\Local\Programs\Microsoft VS Code\bin;C:\Users\Mudassir\AppData\Local\Android\Sdk;C:\Users\Mudassir\AppData\Local\Android\Sdk\emulator;C:\Users\Mudassir\AppData\Local\Android\Sdk\tools;C:\Users\Mudassir\AppData\Local\Android\Sdk\tools\bin;C:\Users\Mudassir\AppData\Local\Android\Sdk\platform-tools;C:\Program Files\Java\jdk-11.0.2;C:\Program Files (x86)\Git;C:\Users\Mudassir\AppData\Roaming\npm;C:\Users\Mudassir\AppData\Local\Yarn\bin

Yarn version: 
  1.13.0

Node version: 
  10.15.2

Platform: 
  win32 x64

Trace: 
  Error: https://registry.yarnpkg.com/@babel%2fpreset-stage3: Not found
      at Request.params.callback [as _callback] (C:\Program Files (x86)\Yarn\lib\cli.js:65364:18)
      at Request.self.callback (C:\Program Files (x86)\Yarn\lib\cli.js:129397:22)
      at Request.emit (events.js:189:13)
      at Request.<anonymous> (C:\Program Files (x86)\Yarn\lib\cli.js:130369:10)
      at Request.emit (events.js:189:13)
      at IncomingMessage.<anonymous> (C:\Program Files (x86)\Yarn\lib\cli.js:130291:12)
      at Object.onceWrapper (events.js:277:13)
      at IncomingMessage.emit (events.js:194:15)
      at endReadableNT (_stream_readable.js:1103:12)
      at process._tickCallback (internal/process/next_tick.js:63:19)

npm manifest: 
  {
    "name": "slack-clone-server",
    "version": "1.0.0",
    "description": "",
    "main": "index.js",
    "scripts": {
      "start": "nodemon --exec babel-node index.js"
    },
    "keywords": [],
    "author": "",
    "license": "ISC",
    "dependencies": {
      "apollo-server-express": "^2.6.7",
      "babel-preset-env": "^1.7.0",
      "babel-preset-stage-3": "^6.24.1",
      "body-parser": "^1.19.0",
      "express": "^4.17.1",
      "graphql": "^14.4.2",
      "graphql-tools": "^4.0.5"
    },
    "devDependencies": {
      "@babel/core": "^7.5.0",
      "@babel/node": "^7.5.0",
      "@babel/preset-env": "^7.5.2",
      "@babel/preset-react": "^7.0.0",
      "babel-loader": "^8.0.6",
      "eslint": "^5.3.0",
      "eslint-config-airbnb": "^17.1.1",
      "eslint-config-airbnb-base": "^13.2.0",
      "eslint-plugin-import": "^2.18.0",
      "eslint-plugin-jsx-a11y": "^6.2.3",
      "eslint-plugin-react": "^7.14.2"
    }
  }

yarn manifest: 
  No manifest

Lockfile: 
  No lockfile
